The system is: Darwin - 17.7.0 - x86_64
Compiling the C compiler identification source file "CMakeCCompilerId.c" succeeded.
Compiler: /usr/local/Cellar/llvm/9.0.0/bin/clang 
Build flags: 
Id flags:  

The output was:
0


Compilation of the C compiler identification source "CMakeCCompilerId.c" produced "a.out"

The C compiler identification is Clang, found in "/Users/badzindagi/dev/SuperMayaLand/urho3d/build/CMakeFiles/3.15.4/CompilerIdC/a.out"

Compiling the CXX compiler identification source file "CMakeCXXCompilerId.cpp" succeeded.
Compiler: /usr/local/Cellar/llvm/9.0.0/bin/clang++ 
Build flags: 
Id flags:  

The output was:
0


Compilation of the CXX compiler identification source "CMakeCXXCompilerId.cpp" produced "a.out"

The CXX compiler identification is Clang, found in "/Users/badzindagi/dev/SuperMayaLand/urho3d/build/CMakeFiles/3.15.4/CompilerIdCXX/a.out"

Determining if the C compiler works passed with the following output:
Change Dir: /Users/badzindagi/dev/SuperMayaLand/urho3d/build/CMakeFiles/CMakeTmp

Run Build Command(s):/usr/bin/make cmTC_9a506/fast && /Library/Developer/CommandLineTools/usr/bin/make -f CMakeFiles/cmTC_9a506.dir/build.make CMakeFiles/cmTC_9a506.dir/build
Building C object CMakeFiles/cmTC_9a506.dir/testCCompiler.c.o
/usr/local/Cellar/llvm/9.0.0/bin/clang    -o CMakeFiles/cmTC_9a506.dir/testCCompiler.c.o   -c /Users/badzindagi/dev/SuperMayaLand/urho3d/build/CMakeFiles/CMakeTmp/testCCompiler.c
Linking C executable cmTC_9a506
/usr/local/Cellar/cmake/3.15.4/bin/cmake -E cmake_link_script CMakeFiles/cmTC_9a506.dir/link.txt --verbose=1
/usr/local/Cellar/llvm/9.0.0/bin/clang   -Wl,-search_paths_first -Wl,-headerpad_max_install_names   CMakeFiles/cmTC_9a506.dir/testCCompiler.c.o  -o cmTC_9a506 



Detecting C compiler ABI info compiled with the following output:
Change Dir: /Users/badzindagi/dev/SuperMayaLand/urho3d/build/CMakeFiles/CMakeTmp

Run Build Command(s):/usr/bin/make cmTC_3a276/fast && /Library/Developer/CommandLineTools/usr/bin/make -f CMakeFiles/cmTC_3a276.dir/build.make CMakeFiles/cmTC_3a276.dir/build
Building C object CMakeFiles/cmTC_3a276.dir/CMakeCCompilerABI.c.o
/usr/local/Cellar/llvm/9.0.0/bin/clang   -v -Wl,-v -o CMakeFiles/cmTC_3a276.dir/CMakeCCompilerABI.c.o   -c /usr/local/Cellar/cmake/3.15.4/share/cmake/Modules/CMakeCCompilerABI.c
clang version 9.0.0 (tags/RELEASE_900/final)
Target: x86_64-apple-darwin17.7.0
Thread model: posix
InstalledDir: /usr/local/Cellar/llvm/9.0.0/bin
clang-9: warning: -Wl,-v: 'linker' input unused [-Wunused-command-line-argument]
 "/usr/local/Cellar/llvm/9.0.0/bin/clang-9" -cc1 -triple x86_64-apple-macosx10.13.0 -Wdeprecated-objc-isa-usage -Werror=deprecated-objc-isa-usage -emit-obj -mrelax-all -disable-free -disable-llvm-verifier -discard-value-names -main-file-name CMakeCCompilerABI.c -mrelocation-model pic -pic-level 2 -mthread-model posix -mdisable-fp-elim -masm-verbose -munwind-tables -faligned-alloc-unavailable -target-cpu penryn -dwarf-column-info -debugger-tuning=lldb -ggnu-pubnames -target-linker-version 409.12 -v -coverage-notes-file /Users/badzindagi/dev/SuperMayaLand/urho3d/build/CMakeFiles/CMakeTmp/CMakeFiles/cmTC_3a276.dir/CMakeCCompilerABI.c.gcno -resource-dir /usr/local/Cellar/llvm/9.0.0/lib/clang/9.0.0 -internal-isystem /usr/local/include -internal-isystem /usr/local/Cellar/llvm/9.0.0/lib/clang/9.0.0/include -internal-externc-isystem /usr/include -fdebug-compilation-dir /Users/badzindagi/dev/SuperMayaLand/urho3d/build/CMakeFiles/CMakeTmp -ferror-limit 19 -fmessage-length 0 -stack-protector 1 -fblocks -fencode-extended-block-signature -fregister-global-dtors-with-atexit -fobjc-runtime=macosx-10.13.0 -fmax-type-align=16 -fdiagnostics-show-option -o CMakeFiles/cmTC_3a276.dir/CMakeCCompilerABI.c.o -x c /usr/local/Cellar/cmake/3.15.4/share/cmake/Modules/CMakeCCompilerABI.c
clang -cc1 version 9.0.0 based upon LLVM 9.0.0 default target x86_64-apple-darwin17.7.0
#include "..." search starts here:
#include <...> search starts here:
 /usr/local/include
 /usr/local/Cellar/llvm/9.0.0/lib/clang/9.0.0/include
 /usr/include
 /System/Library/Frameworks (framework directory)
 /Library/Frameworks (framework directory)
End of search list.
Linking C executable cmTC_3a276
/usr/local/Cellar/cmake/3.15.4/bin/cmake -E cmake_link_script CMakeFiles/cmTC_3a276.dir/link.txt --verbose=1
/usr/local/Cellar/llvm/9.0.0/bin/clang   -Wl,-search_paths_first -Wl,-headerpad_max_install_names  -v -Wl,-v CMakeFiles/cmTC_3a276.dir/CMakeCCompilerABI.c.o  -o cmTC_3a276 
clang version 9.0.0 (tags/RELEASE_900/final)
Target: x86_64-apple-darwin17.7.0
Thread model: posix
InstalledDir: /usr/local/Cellar/llvm/9.0.0/bin
 "/usr/bin/ld" -demangle -lto_library /usr/local/Cellar/llvm/9.0.0/lib/libLTO.dylib -dynamic -arch x86_64 -macosx_version_min 10.13.0 -o cmTC_3a276 -search_paths_first -headerpad_max_install_names -v CMakeFiles/cmTC_3a276.dir/CMakeCCompilerABI.c.o -lSystem /usr/local/Cellar/llvm/9.0.0/lib/clang/9.0.0/lib/darwin/libclang_rt.osx.a
@(#)PROGRAM:ld  PROJECT:ld64-409.12
BUILD 17:47:51 Sep 25 2018
configured to support archs: armv6 armv7 armv7s arm64 i386 x86_64 x86_64h armv6m armv7k armv7m armv7em
Library search paths:
	/usr/lib
	/usr/local/lib
Framework search paths:
	/Library/Frameworks/
	/System/Library/Frameworks/



Parsed C implicit include dir info from above output: rv=done
  found start of include info
  found start of implicit include info
    add: [/usr/local/include]
    add: [/usr/local/Cellar/llvm/9.0.0/lib/clang/9.0.0/include]
    add: [/usr/include]
  end of search list found
  collapse include dir [/usr/local/include] ==> [/usr/local/include]
  collapse include dir [/usr/local/Cellar/llvm/9.0.0/lib/clang/9.0.0/include] ==> [/usr/local/Cellar/llvm/9.0.0/lib/clang/9.0.0/include]
  collapse include dir [/usr/include] ==> [/usr/include]
  implicit include dirs: [/usr/local/include;/usr/local/Cellar/llvm/9.0.0/lib/clang/9.0.0/include;/usr/include]


Parsed C implicit link information from above output:
  link line regex: [^( *|.*[/\])(ld|CMAKE_LINK_STARTFILE-NOTFOUND|([^/\]+-)?ld|collect2)[^/\]*( |$)]
  ignore line: [Change Dir: /Users/badzindagi/dev/SuperMayaLand/urho3d/build/CMakeFiles/CMakeTmp]
  ignore line: []
  ignore line: [Run Build Command(s):/usr/bin/make cmTC_3a276/fast && /Library/Developer/CommandLineTools/usr/bin/make -f CMakeFiles/cmTC_3a276.dir/build.make CMakeFiles/cmTC_3a276.dir/build]
  ignore line: [Building C object CMakeFiles/cmTC_3a276.dir/CMakeCCompilerABI.c.o]
  ignore line: [/usr/local/Cellar/llvm/9.0.0/bin/clang   -v -Wl,-v -o CMakeFiles/cmTC_3a276.dir/CMakeCCompilerABI.c.o   -c /usr/local/Cellar/cmake/3.15.4/share/cmake/Modules/CMakeCCompilerABI.c]
  ignore line: [clang version 9.0.0 (tags/RELEASE_900/final)]
  ignore line: [Target: x86_64-apple-darwin17.7.0]
  ignore line: [Thread model: posix]
  ignore line: [InstalledDir: /usr/local/Cellar/llvm/9.0.0/bin]
  ignore line: [clang-9: warning: -Wl,-v: 'linker' input unused [-Wunused-command-line-argument]]
  ignore line: [ "/usr/local/Cellar/llvm/9.0.0/bin/clang-9" -cc1 -triple x86_64-apple-macosx10.13.0 -Wdeprecated-objc-isa-usage -Werror=deprecated-objc-isa-usage -emit-obj -mrelax-all -disable-free -disable-llvm-verifier -discard-value-names -main-file-name CMakeCCompilerABI.c -mrelocation-model pic -pic-level 2 -mthread-model posix -mdisable-fp-elim -masm-verbose -munwind-tables -faligned-alloc-unavailable -target-cpu penryn -dwarf-column-info -debugger-tuning=lldb -ggnu-pubnames -target-linker-version 409.12 -v -coverage-notes-file /Users/badzindagi/dev/SuperMayaLand/urho3d/build/CMakeFiles/CMakeTmp/CMakeFiles/cmTC_3a276.dir/CMakeCCompilerABI.c.gcno -resource-dir /usr/local/Cellar/llvm/9.0.0/lib/clang/9.0.0 -internal-isystem /usr/local/include -internal-isystem /usr/local/Cellar/llvm/9.0.0/lib/clang/9.0.0/include -internal-externc-isystem /usr/include -fdebug-compilation-dir /Users/badzindagi/dev/SuperMayaLand/urho3d/build/CMakeFiles/CMakeTmp -ferror-limit 19 -fmessage-length 0 -stack-protector 1 -fblocks -fencode-extended-block-signature -fregister-global-dtors-with-atexit -fobjc-runtime=macosx-10.13.0 -fmax-type-align=16 -fdiagnostics-show-option -o CMakeFiles/cmTC_3a276.dir/CMakeCCompilerABI.c.o -x c /usr/local/Cellar/cmake/3.15.4/share/cmake/Modules/CMakeCCompilerABI.c]
  ignore line: [clang -cc1 version 9.0.0 based upon LLVM 9.0.0 default target x86_64-apple-darwin17.7.0]
  ignore line: [#include "..." search starts here:]
  ignore line: [#include <...> search starts here:]
  ignore line: [ /usr/local/include]
  ignore line: [ /usr/local/Cellar/llvm/9.0.0/lib/clang/9.0.0/include]
  ignore line: [ /usr/include]
  ignore line: [ /System/Library/Frameworks (framework directory)]
  ignore line: [ /Library/Frameworks (framework directory)]
  ignore line: [End of search list.]
  ignore line: [Linking C executable cmTC_3a276]
  ignore line: [/usr/local/Cellar/cmake/3.15.4/bin/cmake -E cmake_link_script CMakeFiles/cmTC_3a276.dir/link.txt --verbose=1]
  ignore line: [/usr/local/Cellar/llvm/9.0.0/bin/clang   -Wl,-search_paths_first -Wl,-headerpad_max_install_names  -v -Wl,-v CMakeFiles/cmTC_3a276.dir/CMakeCCompilerABI.c.o  -o cmTC_3a276 ]
  ignore line: [clang version 9.0.0 (tags/RELEASE_900/final)]
  ignore line: [Target: x86_64-apple-darwin17.7.0]
  ignore line: [Thread model: posix]
  ignore line: [InstalledDir: /usr/local/Cellar/llvm/9.0.0/bin]
  link line: [ "/usr/bin/ld" -demangle -lto_library /usr/local/Cellar/llvm/9.0.0/lib/libLTO.dylib -dynamic -arch x86_64 -macosx_version_min 10.13.0 -o cmTC_3a276 -search_paths_first -headerpad_max_install_names -v CMakeFiles/cmTC_3a276.dir/CMakeCCompilerABI.c.o -lSystem /usr/local/Cellar/llvm/9.0.0/lib/clang/9.0.0/lib/darwin/libclang_rt.osx.a]
    arg [/usr/bin/ld] ==> ignore
    arg [-demangle] ==> ignore
    arg [-lto_library] ==> ignore, skip following value
    arg [/usr/local/Cellar/llvm/9.0.0/lib/libLTO.dylib] ==> skip value of -lto_library
    arg [-dynamic] ==> ignore
    arg [-arch] ==> ignore
    arg [x86_64] ==> ignore
    arg [-macosx_version_min] ==> ignore
    arg [10.13.0] ==> ignore
    arg [-o] ==> ignore
    arg [cmTC_3a276] ==> ignore
    arg [-search_paths_first] ==> ignore
    arg [-headerpad_max_install_names] ==> ignore
    arg [-v] ==> ignore
    arg [CMakeFiles/cmTC_3a276.dir/CMakeCCompilerABI.c.o] ==> ignore
    arg [-lSystem] ==> lib [System]
    arg [/usr/local/Cellar/llvm/9.0.0/lib/clang/9.0.0/lib/darwin/libclang_rt.osx.a] ==> lib [/usr/local/Cellar/llvm/9.0.0/lib/clang/9.0.0/lib/darwin/libclang_rt.osx.a]
  Library search paths: [;/usr/lib;/usr/local/lib]
  Framework search paths: [;/Library/Frameworks/;/System/Library/Frameworks/]
  remove lib [System]
  remove lib [/usr/local/Cellar/llvm/9.0.0/lib/clang/9.0.0/lib/darwin/libclang_rt.osx.a]
  collapse library dir [/usr/lib] ==> [/usr/lib]
  collapse library dir [/usr/local/lib] ==> [/usr/local/lib]
  collapse framework dir [/Library/Frameworks/] ==> [/Library/Frameworks]
  collapse framework dir [/System/Library/Frameworks/] ==> [/System/Library/Frameworks]
  implicit libs: []
  implicit dirs: [/usr/lib;/usr/local/lib]
  implicit fwks: [/Library/Frameworks;/System/Library/Frameworks]


Determining if the CXX compiler works passed with the following output:
Change Dir: /Users/badzindagi/dev/SuperMayaLand/urho3d/build/CMakeFiles/CMakeTmp

Run Build Command(s):/usr/bin/make cmTC_19dd2/fast && /Library/Developer/CommandLineTools/usr/bin/make -f CMakeFiles/cmTC_19dd2.dir/build.make CMakeFiles/cmTC_19dd2.dir/build
Building CXX object CMakeFiles/cmTC_19dd2.dir/testCXXCompiler.cxx.o
/usr/local/Cellar/llvm/9.0.0/bin/clang++     -o CMakeFiles/cmTC_19dd2.dir/testCXXCompiler.cxx.o -c /Users/badzindagi/dev/SuperMayaLand/urho3d/build/CMakeFiles/CMakeTmp/testCXXCompiler.cxx
Linking CXX executable cmTC_19dd2
/usr/local/Cellar/cmake/3.15.4/bin/cmake -E cmake_link_script CMakeFiles/cmTC_19dd2.dir/link.txt --verbose=1
/usr/local/Cellar/llvm/9.0.0/bin/clang++    -Wl,-search_paths_first -Wl,-headerpad_max_install_names   CMakeFiles/cmTC_19dd2.dir/testCXXCompiler.cxx.o  -o cmTC_19dd2 



Detecting CXX compiler ABI info compiled with the following output:
Change Dir: /Users/badzindagi/dev/SuperMayaLand/urho3d/build/CMakeFiles/CMakeTmp

Run Build Command(s):/usr/bin/make cmTC_13750/fast && /Library/Developer/CommandLineTools/usr/bin/make -f CMakeFiles/cmTC_13750.dir/build.make CMakeFiles/cmTC_13750.dir/build
Building CXX object CMakeFiles/cmTC_13750.dir/CMakeCXXCompilerABI.cpp.o
/usr/local/Cellar/llvm/9.0.0/bin/clang++    -v -Wl,-v -o CMakeFiles/cmTC_13750.dir/CMakeCXXCompilerABI.cpp.o -c /usr/local/Cellar/cmake/3.15.4/share/cmake/Modules/CMakeCXXCompilerABI.cpp
clang version 9.0.0 (tags/RELEASE_900/final)
Target: x86_64-apple-darwin17.7.0
Thread model: posix
InstalledDir: /usr/local/Cellar/llvm/9.0.0/bin
clang-9: warning: -Wl,-v: 'linker' input unused [-Wunused-command-line-argument]
 "/usr/local/Cellar/llvm/9.0.0/bin/clang-9" -cc1 -triple x86_64-apple-macosx10.13.0 -Wdeprecated-objc-isa-usage -Werror=deprecated-objc-isa-usage -emit-obj -mrelax-all -disable-free -disable-llvm-verifier -discard-value-names -main-file-name CMakeCXXCompilerABI.cpp -mrelocation-model pic -pic-level 2 -mthread-model posix -mdisable-fp-elim -masm-verbose -munwind-tables -faligned-alloc-unavailable -target-cpu penryn -dwarf-column-info -debugger-tuning=lldb -ggnu-pubnames -target-linker-version 409.12 -v -coverage-notes-file /Users/badzindagi/dev/SuperMayaLand/urho3d/build/CMakeFiles/CMakeTmp/CMakeFiles/cmTC_13750.dir/CMakeCXXCompilerABI.cpp.gcno -resource-dir /usr/local/Cellar/llvm/9.0.0/lib/clang/9.0.0 -stdlib=libc++ -internal-isystem /usr/local/Cellar/llvm/9.0.0/bin/../include/c++/v1 -internal-isystem /usr/include/c++/v1 -internal-isystem /usr/local/include -internal-isystem /usr/local/Cellar/llvm/9.0.0/lib/clang/9.0.0/include -internal-externc-isystem /usr/include -fdeprecated-macro -fdebug-compilation-dir /Users/badzindagi/dev/SuperMayaLand/urho3d/build/CMakeFiles/CMakeTmp -ferror-limit 19 -fmessage-length 0 -stack-protector 1 -fblocks -fencode-extended-block-signature -fregister-global-dtors-with-atexit -fobjc-runtime=macosx-10.13.0 -fcxx-exceptions -fexceptions -fmax-type-align=16 -fdiagnostics-show-option -o CMakeFiles/cmTC_13750.dir/CMakeCXXCompilerABI.cpp.o -x c++ /usr/local/Cellar/cmake/3.15.4/share/cmake/Modules/CMakeCXXCompilerABI.cpp
clang -cc1 version 9.0.0 based upon LLVM 9.0.0 default target x86_64-apple-darwin17.7.0
ignoring nonexistent directory "/usr/include/c++/v1"
#include "..." search starts here:
#include <...> search starts here:
 /usr/local/Cellar/llvm/9.0.0/bin/../include/c++/v1
 /usr/local/include
 /usr/local/Cellar/llvm/9.0.0/lib/clang/9.0.0/include
 /usr/include
 /System/Library/Frameworks (framework directory)
 /Library/Frameworks (framework directory)
End of search list.
Linking CXX executable cmTC_13750
/usr/local/Cellar/cmake/3.15.4/bin/cmake -E cmake_link_script CMakeFiles/cmTC_13750.dir/link.txt --verbose=1
/usr/local/Cellar/llvm/9.0.0/bin/clang++    -Wl,-search_paths_first -Wl,-headerpad_max_install_names  -v -Wl,-v CMakeFiles/cmTC_13750.dir/CMakeCXXCompilerABI.cpp.o  -o cmTC_13750 
clang version 9.0.0 (tags/RELEASE_900/final)
Target: x86_64-apple-darwin17.7.0
Thread model: posix
InstalledDir: /usr/local/Cellar/llvm/9.0.0/bin
 "/usr/bin/ld" -demangle -lto_library /usr/local/Cellar/llvm/9.0.0/lib/libLTO.dylib -dynamic -arch x86_64 -macosx_version_min 10.13.0 -o cmTC_13750 -search_paths_first -headerpad_max_install_names -v CMakeFiles/cmTC_13750.dir/CMakeCXXCompilerABI.cpp.o -lc++ -lSystem /usr/local/Cellar/llvm/9.0.0/lib/clang/9.0.0/lib/darwin/libclang_rt.osx.a
@(#)PROGRAM:ld  PROJECT:ld64-409.12
BUILD 17:47:51 Sep 25 2018
configured to support archs: armv6 armv7 armv7s arm64 i386 x86_64 x86_64h armv6m armv7k armv7m armv7em
Library search paths:
	/usr/lib
	/usr/local/lib
Framework search paths:
	/Library/Frameworks/
	/System/Library/Frameworks/



Parsed CXX implicit include dir info from above output: rv=done
  found start of include info
  found start of implicit include info
    add: [/usr/local/Cellar/llvm/9.0.0/bin/../include/c++/v1]
    add: [/usr/local/include]
    add: [/usr/local/Cellar/llvm/9.0.0/lib/clang/9.0.0/include]
    add: [/usr/include]
  end of search list found
  collapse include dir [/usr/local/Cellar/llvm/9.0.0/bin/../include/c++/v1] ==> [/usr/local/Cellar/llvm/9.0.0/include/c++/v1]
  collapse include dir [/usr/local/include] ==> [/usr/local/include]
  collapse include dir [/usr/local/Cellar/llvm/9.0.0/lib/clang/9.0.0/include] ==> [/usr/local/Cellar/llvm/9.0.0/lib/clang/9.0.0/include]
  collapse include dir [/usr/include] ==> [/usr/include]
  implicit include dirs: [/usr/local/Cellar/llvm/9.0.0/include/c++/v1;/usr/local/include;/usr/local/Cellar/llvm/9.0.0/lib/clang/9.0.0/include;/usr/include]


Parsed CXX implicit link information from above output:
  link line regex: [^( *|.*[/\])(ld|CMAKE_LINK_STARTFILE-NOTFOUND|([^/\]+-)?ld|collect2)[^/\]*( |$)]
  ignore line: [Change Dir: /Users/badzindagi/dev/SuperMayaLand/urho3d/build/CMakeFiles/CMakeTmp]
  ignore line: []
  ignore line: [Run Build Command(s):/usr/bin/make cmTC_13750/fast && /Library/Developer/CommandLineTools/usr/bin/make -f CMakeFiles/cmTC_13750.dir/build.make CMakeFiles/cmTC_13750.dir/build]
  ignore line: [Building CXX object CMakeFiles/cmTC_13750.dir/CMakeCXXCompilerABI.cpp.o]
  ignore line: [/usr/local/Cellar/llvm/9.0.0/bin/clang++    -v -Wl,-v -o CMakeFiles/cmTC_13750.dir/CMakeCXXCompilerABI.cpp.o -c /usr/local/Cellar/cmake/3.15.4/share/cmake/Modules/CMakeCXXCompilerABI.cpp]
  ignore line: [clang version 9.0.0 (tags/RELEASE_900/final)]
  ignore line: [Target: x86_64-apple-darwin17.7.0]
  ignore line: [Thread model: posix]
  ignore line: [InstalledDir: /usr/local/Cellar/llvm/9.0.0/bin]
  ignore line: [clang-9: warning: -Wl,-v: 'linker' input unused [-Wunused-command-line-argument]]
  ignore line: [ "/usr/local/Cellar/llvm/9.0.0/bin/clang-9" -cc1 -triple x86_64-apple-macosx10.13.0 -Wdeprecated-objc-isa-usage -Werror=deprecated-objc-isa-usage -emit-obj -mrelax-all -disable-free -disable-llvm-verifier -discard-value-names -main-file-name CMakeCXXCompilerABI.cpp -mrelocation-model pic -pic-level 2 -mthread-model posix -mdisable-fp-elim -masm-verbose -munwind-tables -faligned-alloc-unavailable -target-cpu penryn -dwarf-column-info -debugger-tuning=lldb -ggnu-pubnames -target-linker-version 409.12 -v -coverage-notes-file /Users/badzindagi/dev/SuperMayaLand/urho3d/build/CMakeFiles/CMakeTmp/CMakeFiles/cmTC_13750.dir/CMakeCXXCompilerABI.cpp.gcno -resource-dir /usr/local/Cellar/llvm/9.0.0/lib/clang/9.0.0 -stdlib=libc++ -internal-isystem /usr/local/Cellar/llvm/9.0.0/bin/../include/c++/v1 -internal-isystem /usr/include/c++/v1 -internal-isystem /usr/local/include -internal-isystem /usr/local/Cellar/llvm/9.0.0/lib/clang/9.0.0/include -internal-externc-isystem /usr/include -fdeprecated-macro -fdebug-compilation-dir /Users/badzindagi/dev/SuperMayaLand/urho3d/build/CMakeFiles/CMakeTmp -ferror-limit 19 -fmessage-length 0 -stack-protector 1 -fblocks -fencode-extended-block-signature -fregister-global-dtors-with-atexit -fobjc-runtime=macosx-10.13.0 -fcxx-exceptions -fexceptions -fmax-type-align=16 -fdiagnostics-show-option -o CMakeFiles/cmTC_13750.dir/CMakeCXXCompilerABI.cpp.o -x c++ /usr/local/Cellar/cmake/3.15.4/share/cmake/Modules/CMakeCXXCompilerABI.cpp]
  ignore line: [clang -cc1 version 9.0.0 based upon LLVM 9.0.0 default target x86_64-apple-darwin17.7.0]
  ignore line: [ignoring nonexistent directory "/usr/include/c++/v1"]
  ignore line: [#include "..." search starts here:]
  ignore line: [#include <...> search starts here:]
  ignore line: [ /usr/local/Cellar/llvm/9.0.0/bin/../include/c++/v1]
  ignore line: [ /usr/local/include]
  ignore line: [ /usr/local/Cellar/llvm/9.0.0/lib/clang/9.0.0/include]
  ignore line: [ /usr/include]
  ignore line: [ /System/Library/Frameworks (framework directory)]
  ignore line: [ /Library/Frameworks (framework directory)]
  ignore line: [End of search list.]
  ignore line: [Linking CXX executable cmTC_13750]
  ignore line: [/usr/local/Cellar/cmake/3.15.4/bin/cmake -E cmake_link_script CMakeFiles/cmTC_13750.dir/link.txt --verbose=1]
  ignore line: [/usr/local/Cellar/llvm/9.0.0/bin/clang++    -Wl,-search_paths_first -Wl,-headerpad_max_install_names  -v -Wl,-v CMakeFiles/cmTC_13750.dir/CMakeCXXCompilerABI.cpp.o  -o cmTC_13750 ]
  ignore line: [clang version 9.0.0 (tags/RELEASE_900/final)]
  ignore line: [Target: x86_64-apple-darwin17.7.0]
  ignore line: [Thread model: posix]
  ignore line: [InstalledDir: /usr/local/Cellar/llvm/9.0.0/bin]
  link line: [ "/usr/bin/ld" -demangle -lto_library /usr/local/Cellar/llvm/9.0.0/lib/libLTO.dylib -dynamic -arch x86_64 -macosx_version_min 10.13.0 -o cmTC_13750 -search_paths_first -headerpad_max_install_names -v CMakeFiles/cmTC_13750.dir/CMakeCXXCompilerABI.cpp.o -lc++ -lSystem /usr/local/Cellar/llvm/9.0.0/lib/clang/9.0.0/lib/darwin/libclang_rt.osx.a]
    arg [/usr/bin/ld] ==> ignore
    arg [-demangle] ==> ignore
    arg [-lto_library] ==> ignore, skip following value
    arg [/usr/local/Cellar/llvm/9.0.0/lib/libLTO.dylib] ==> skip value of -lto_library
    arg [-dynamic] ==> ignore
    arg [-arch] ==> ignore
    arg [x86_64] ==> ignore
    arg [-macosx_version_min] ==> ignore
    arg [10.13.0] ==> ignore
    arg [-o] ==> ignore
    arg [cmTC_13750] ==> ignore
    arg [-search_paths_first] ==> ignore
    arg [-headerpad_max_install_names] ==> ignore
    arg [-v] ==> ignore
    arg [CMakeFiles/cmTC_13750.dir/CMakeCXXCompilerABI.cpp.o] ==> ignore
    arg [-lc++] ==> lib [c++]
    arg [-lSystem] ==> lib [System]
    arg [/usr/local/Cellar/llvm/9.0.0/lib/clang/9.0.0/lib/darwin/libclang_rt.osx.a] ==> lib [/usr/local/Cellar/llvm/9.0.0/lib/clang/9.0.0/lib/darwin/libclang_rt.osx.a]
  Library search paths: [;/usr/lib;/usr/local/lib]
  Framework search paths: [;/Library/Frameworks/;/System/Library/Frameworks/]
  remove lib [System]
  remove lib [/usr/local/Cellar/llvm/9.0.0/lib/clang/9.0.0/lib/darwin/libclang_rt.osx.a]
  collapse library dir [/usr/lib] ==> [/usr/lib]
  collapse library dir [/usr/local/lib] ==> [/usr/local/lib]
  collapse framework dir [/Library/Frameworks/] ==> [/Library/Frameworks]
  collapse framework dir [/System/Library/Frameworks/] ==> [/System/Library/Frameworks]
  implicit libs: [c++]
  implicit dirs: [/usr/lib;/usr/local/lib]
  implicit fwks: [/Library/Frameworks;/System/Library/Frameworks]


Performing C++ SOURCE FILE Test IS_TRIVIALLY_DEFAULT_CONSTRUCTIBLE succeeded with the following output:
Change Dir: /Users/badzindagi/dev/SuperMayaLand/urho3d/build/CMakeFiles/CMakeTmp

Run Build Command(s):/usr/bin/make cmTC_718e5/fast && /Library/Developer/CommandLineTools/usr/bin/make -f CMakeFiles/cmTC_718e5.dir/build.make CMakeFiles/cmTC_718e5.dir/build
Building CXX object CMakeFiles/cmTC_718e5.dir/src.cxx.o
/usr/local/Cellar/llvm/9.0.0/bin/clang++    -DIS_TRIVIALLY_DEFAULT_CONSTRUCTIBLE -std=c++11   -o CMakeFiles/cmTC_718e5.dir/src.cxx.o -c /Users/badzindagi/dev/SuperMayaLand/urho3d/build/CMakeFiles/CMakeTmp/src.cxx
Linking CXX executable cmTC_718e5
/usr/local/Cellar/cmake/3.15.4/bin/cmake -E cmake_link_script CMakeFiles/cmTC_718e5.dir/link.txt --verbose=1
/usr/local/Cellar/llvm/9.0.0/bin/clang++   -DIS_TRIVIALLY_DEFAULT_CONSTRUCTIBLE -std=c++11 -Wl,-search_paths_first -Wl,-headerpad_max_install_names   CMakeFiles/cmTC_718e5.dir/src.cxx.o  -o cmTC_718e5 


Source file was:
#include <type_traits>
int main() { return std::is_trivially_default_constructible<bool>::value; }
Performing C++ SOURCE FILE Test IS_TRIVIALLY_DESTRUCTIBLE succeeded with the following output:
Change Dir: /Users/badzindagi/dev/SuperMayaLand/urho3d/build/CMakeFiles/CMakeTmp

Run Build Command(s):/usr/bin/make cmTC_a80da/fast && /Library/Developer/CommandLineTools/usr/bin/make -f CMakeFiles/cmTC_a80da.dir/build.make CMakeFiles/cmTC_a80da.dir/build
Building CXX object CMakeFiles/cmTC_a80da.dir/src.cxx.o
/usr/local/Cellar/llvm/9.0.0/bin/clang++    -DIS_TRIVIALLY_DESTRUCTIBLE -std=c++11   -o CMakeFiles/cmTC_a80da.dir/src.cxx.o -c /Users/badzindagi/dev/SuperMayaLand/urho3d/build/CMakeFiles/CMakeTmp/src.cxx
Linking CXX executable cmTC_a80da
/usr/local/Cellar/cmake/3.15.4/bin/cmake -E cmake_link_script CMakeFiles/cmTC_a80da.dir/link.txt --verbose=1
/usr/local/Cellar/llvm/9.0.0/bin/clang++   -DIS_TRIVIALLY_DESTRUCTIBLE -std=c++11 -Wl,-search_paths_first -Wl,-headerpad_max_install_names   CMakeFiles/cmTC_a80da.dir/src.cxx.o  -o cmTC_a80da 


Source file was:
#include <type_traits>
int main() { return std::is_trivially_destructible<bool>::value; }
Performing C++ SOURCE FILE Test IS_TRIVIALLY_COPY_ASSIGNABLE succeeded with the following output:
Change Dir: /Users/badzindagi/dev/SuperMayaLand/urho3d/build/CMakeFiles/CMakeTmp

Run Build Command(s):/usr/bin/make cmTC_d3cf2/fast && /Library/Developer/CommandLineTools/usr/bin/make -f CMakeFiles/cmTC_d3cf2.dir/build.make CMakeFiles/cmTC_d3cf2.dir/build
Building CXX object CMakeFiles/cmTC_d3cf2.dir/src.cxx.o
/usr/local/Cellar/llvm/9.0.0/bin/clang++    -DIS_TRIVIALLY_COPY_ASSIGNABLE -std=c++11   -o CMakeFiles/cmTC_d3cf2.dir/src.cxx.o -c /Users/badzindagi/dev/SuperMayaLand/urho3d/build/CMakeFiles/CMakeTmp/src.cxx
Linking CXX executable cmTC_d3cf2
/usr/local/Cellar/cmake/3.15.4/bin/cmake -E cmake_link_script CMakeFiles/cmTC_d3cf2.dir/link.txt --verbose=1
/usr/local/Cellar/llvm/9.0.0/bin/clang++   -DIS_TRIVIALLY_COPY_ASSIGNABLE -std=c++11 -Wl,-search_paths_first -Wl,-headerpad_max_install_names   CMakeFiles/cmTC_d3cf2.dir/src.cxx.o  -o cmTC_d3cf2 


Source file was:
#include <type_traits>
int main() { return std::is_trivially_copy_assignable<bool>::value; }
Performing C++ SOURCE FILE Test IS_TRIVIALLY_COPY_CONSTRUCTIBLE succeeded with the following output:
Change Dir: /Users/badzindagi/dev/SuperMayaLand/urho3d/build/CMakeFiles/CMakeTmp

Run Build Command(s):/usr/bin/make cmTC_b9f0e/fast && /Library/Developer/CommandLineTools/usr/bin/make -f CMakeFiles/cmTC_b9f0e.dir/build.make CMakeFiles/cmTC_b9f0e.dir/build
Building CXX object CMakeFiles/cmTC_b9f0e.dir/src.cxx.o
/usr/local/Cellar/llvm/9.0.0/bin/clang++    -DIS_TRIVIALLY_COPY_CONSTRUCTIBLE -std=c++11   -o CMakeFiles/cmTC_b9f0e.dir/src.cxx.o -c /Users/badzindagi/dev/SuperMayaLand/urho3d/build/CMakeFiles/CMakeTmp/src.cxx
Linking CXX executable cmTC_b9f0e
/usr/local/Cellar/cmake/3.15.4/bin/cmake -E cmake_link_script CMakeFiles/cmTC_b9f0e.dir/link.txt --verbose=1
/usr/local/Cellar/llvm/9.0.0/bin/clang++   -DIS_TRIVIALLY_COPY_CONSTRUCTIBLE -std=c++11 -Wl,-search_paths_first -Wl,-headerpad_max_install_names   CMakeFiles/cmTC_b9f0e.dir/src.cxx.o  -o cmTC_b9f0e 


Source file was:
#include <type_traits>
int main() { return std::is_trivially_copy_constructible<bool>::value; }
