Determining if the include file malloc.h exists failed with the following output:
Change Dir: /Users/badzindagi/dev/SuperMayaLand/urho3d/Source/build/CMakeFiles/CMakeTmp

Run Build Command(s):/usr/bin/make cmTC_1bafa/fast && /Library/Developer/CommandLineTools/usr/bin/make -f CMakeFiles/cmTC_1bafa.dir/build.make CMakeFiles/cmTC_1bafa.dir/build
Building C object CMakeFiles/cmTC_1bafa.dir/CheckIncludeFile.c.o
/Library/Developer/CommandLineTools/usr/bin/cc    -o CMakeFiles/cmTC_1bafa.dir/CheckIncludeFile.c.o   -c /Users/badzindagi/dev/SuperMayaLand/urho3d/Source/build/CMakeFiles/CMakeTmp/CheckIncludeFile.c
/Users/badzindagi/dev/SuperMayaLand/urho3d/Source/build/CMakeFiles/CMakeTmp/CheckIncludeFile.c:1:10: fatal error: 'malloc.h' file not found
#include <malloc.h>
         ^~~~~~~~~~
1 error generated.
make[1]: *** [CMakeFiles/cmTC_1bafa.dir/CheckIncludeFile.c.o] Error 1
make: *** [cmTC_1bafa/fast] Error 2



Determining if the function malloc_usable_size exists failed with the following output:
Change Dir: /Users/badzindagi/dev/SuperMayaLand/urho3d/Source/build/CMakeFiles/CMakeTmp

Run Build Command(s):/usr/bin/make cmTC_0a009/fast && /Library/Developer/CommandLineTools/usr/bin/make -f CMakeFiles/cmTC_0a009.dir/build.make CMakeFiles/cmTC_0a009.dir/build
Building C object CMakeFiles/cmTC_0a009.dir/CheckFunctionExists.c.o
/Library/Developer/CommandLineTools/usr/bin/cc   -DCHECK_FUNCTION_EXISTS=malloc_usable_size   -o CMakeFiles/cmTC_0a009.dir/CheckFunctionExists.c.o   -c /usr/local/Cellar/cmake/3.15.3/share/cmake/Modules/CheckFunctionExists.c
Linking C executable cmTC_0a009
/usr/local/Cellar/cmake/3.15.3/bin/cmake -E cmake_link_script CMakeFiles/cmTC_0a009.dir/link.txt --verbose=1
/Library/Developer/CommandLineTools/usr/bin/cc  -DCHECK_FUNCTION_EXISTS=malloc_usable_size -Wl,-search_paths_first -Wl,-headerpad_max_install_names   CMakeFiles/cmTC_0a009.dir/CheckFunctionExists.c.o  -o cmTC_0a009 
Undefined symbols for architecture x86_64:
  "_malloc_usable_size", referenced from:
      _main in CheckFunctionExists.c.o
ld: symbol(s) not found for architecture x86_64
clang: error: linker command failed with exit code 1 (use -v to see invocation)
make[1]: *** [cmTC_0a009] Error 1
make: *** [cmTC_0a009/fast] Error 2



Determining if the function sincosf exists in the m failed with the following output:
Change Dir: /Users/badzindagi/dev/SuperMayaLand/urho3d/Source/build/CMakeFiles/CMakeTmp

Run Build Command(s):/usr/bin/make cmTC_f2fb7/fast && /Library/Developer/CommandLineTools/usr/bin/make -f CMakeFiles/cmTC_f2fb7.dir/build.make CMakeFiles/cmTC_f2fb7.dir/build
Building C object CMakeFiles/cmTC_f2fb7.dir/CheckFunctionExists.c.o
/Library/Developer/CommandLineTools/usr/bin/cc   -DCHECK_FUNCTION_EXISTS=sincosf   -o CMakeFiles/cmTC_f2fb7.dir/CheckFunctionExists.c.o   -c /usr/local/Cellar/cmake/3.15.3/share/cmake/Modules/CheckFunctionExists.c
Linking C executable cmTC_f2fb7
/usr/local/Cellar/cmake/3.15.3/bin/cmake -E cmake_link_script CMakeFiles/cmTC_f2fb7.dir/link.txt --verbose=1
/Library/Developer/CommandLineTools/usr/bin/cc  -DCHECK_FUNCTION_EXISTS=sincosf -Wl,-search_paths_first -Wl,-headerpad_max_install_names   CMakeFiles/cmTC_f2fb7.dir/CheckFunctionExists.c.o  -o cmTC_f2fb7 -lm 
Undefined symbols for architecture x86_64:
  "_sincosf", referenced from:
      _main in CheckFunctionExists.c.o
ld: symbol(s) not found for architecture x86_64
clang: error: linker command failed with exit code 1 (use -v to see invocation)
make[1]: *** [cmTC_f2fb7] Error 1
make: *** [cmTC_f2fb7/fast] Error 2



