[Thu Oct 17 13:41:33 2019] INFO: Opened log file Urho3D.log
[Thu Oct 17 13:41:33 2019] INFO: Created 1 worker thread
[Thu Oct 17 13:41:33 2019] INFO: Added resource path /Users/badzindagi/dev/SuperMayaLand/urho3d/build/bin/Data/
[Thu Oct 17 13:41:33 2019] INFO: Added resource path /Users/badzindagi/dev/SuperMayaLand/urho3d/build/bin/CoreData/
[Thu Oct 17 13:41:33 2019] INFO: Set screen mode 1440x829 windowed monitor 0 resizable multisample 2
[Thu Oct 17 13:41:33 2019] INFO: Initialized input
[Thu Oct 17 13:41:33 2019] INFO: Initialized user interface
[Thu Oct 17 13:41:33 2019] DEBUG: Loading resource Textures/Ramp.png
[Thu Oct 17 13:41:33 2019] DEBUG: Loading temporary resource Textures/Ramp.xml
[Thu Oct 17 13:41:33 2019] DEBUG: Loading resource Textures/Spot.png
[Thu Oct 17 13:41:33 2019] DEBUG: Loading temporary resource Textures/Spot.xml
[Thu Oct 17 13:41:33 2019] DEBUG: Loading resource Techniques/NoTexture.xml
[Thu Oct 17 13:41:33 2019] DEBUG: Loading resource RenderPaths/Forward.xml
[Thu Oct 17 13:41:33 2019] INFO: Initialized renderer
[Thu Oct 17 13:41:33 2019] INFO: Set audio mode 44100 Hz stereo interpolated
[Thu Oct 17 13:41:33 2019] INFO: Initialized engine
[Thu Oct 17 13:41:33 2019] DEBUG: Loading resource UI/DefaultStyle.xml
[Thu Oct 17 13:41:33 2019] DEBUG: Loading resource Fonts/Anonymous Pro.ttf
[Thu Oct 17 13:41:33 2019] DEBUG: Font face Anonymous Pro (12pt) has 624 glyphs
[Thu Oct 17 13:41:33 2019] DEBUG: Loading resource Models/Box.mdl
[Thu Oct 17 13:41:33 2019] DEBUG: Loading resource Materials/vcolors.xml
[Thu Oct 17 13:41:33 2019] DEBUG: Loading resource Techniques/NoTextureVCol.xml
[Thu Oct 17 13:41:33 2019] DEBUG: Loading resource Materials/vcolors2.xml
[Thu Oct 17 13:41:33 2019] DEBUG: Font face Anonymous Pro (11pt) has 624 glyphs
[Thu Oct 17 13:41:34 2019] DEBUG: Loading resource Particle/soul.xml
[Thu Oct 17 13:41:34 2019] DEBUG: Loading resource Materials/Particle.xml
[Thu Oct 17 13:41:34 2019] DEBUG: Loading resource Techniques/DiffUnlitParticleAdd.xml
[Thu Oct 17 13:41:34 2019] DEBUG: Loading resource Textures/Flare.dds
